Using pre-set license
Built from '2020.3/china_unity/release' branch; Version is '2020.3.18f1c1 (94c5a6b4c040) revision 9749926'; Using compiler version '192528614'; Build Type 'Release'
OS: 'Windows 10 Pro; OS build 19043.1415; Version 2009; 64bit' Language: 'zh' Physical Memory: 32706 MB
BatchMode: 1, IsHumanControllingUs: 0, StartBugReporterOnCrash: 0, Is64bit: 1, IsPro: 0

COMMAND LINE ARGUMENTS:
C:\Program Files\Unity\Hub\Editor\2020.3.18f1c1\Editor\Unity.exe
-adb2
-batchMode
-noUpm
-name
AssetImportWorker0
-projectPath
D:/Unity Projects/CXZProject
-logFile
Logs/AssetImportWorker0.log
-srvPort
58654
Successfully changed project path to: D:/Unity Projects/CXZProject
D:/Unity Projects/CXZProject
Using Asset Import Pipeline V2.
AS: AutoStreaming module initializing.Refreshing native plugins compatible for Editor in 44.35 ms, found 2 plugins.
Preloading 0 native plugins for Editor in 0.00 ms.
Initialize engine version: 2020.3.18f1c1 (94c5a6b4c040)
[Subsystems] Discovering subsystems at path C:/Program Files/Unity/Hub/Editor/2020.3.18f1c1/Editor/Data/Resources/UnitySubsystems
[Subsystems] Discovering subsystems at path D:/Unity Projects/CXZProject/Assets
GfxDevice: creating device client; threaded=0
Direct3D:
    Version:  Direct3D 11.0 [level 11.1]
    Renderer: NVIDIA GeForce RTX 3060 (ID=0x2504)
    Vendor:   
    VRAM:     12143 MB
    Driver:   30.0.14.7111
Initialize mono
Mono path[0] = 'C:/Program Files/Unity/Hub/Editor/2020.3.18f1c1/Editor/Data/Managed'
Mono path[1] = 'C:/Program Files/Unity/Hub/Editor/2020.3.18f1c1/Editor/Data/MonoBleedingEdge/lib/mono/unityjit'
Mono config path = 'C:/Program Files/Unity/Hub/Editor/2020.3.18f1c1/Editor/Data/MonoBleedingEdge/etc'
Using monoOptions --debugger-agent=transport=dt_socket,embedding=1,server=y,suspend=n,address=127.0.0.1:56708
Begin MonoManager ReloadAssembly
Registering precompiled unity dll's ...
Register platform support module: C:/Program Files/Unity/Hub/Editor/2020.3.18f1c1/Editor/Data/PlaybackEngines/WindowsStandaloneSupport/UnityEditor.WindowsStandalone.Extensions.dll
Registered in 0.001360 seconds.
Native extension for WindowsStandalone target not found
Refreshing native plugins compatible for Editor in 45.13 ms, found 2 plugins.
Preloading 0 native plugins for Editor in 0.00 ms.
Mono: successfully reloaded assembly
- Completed reload, in  1.407 seconds
Domain Reload Profiling:
	ReloadAssembly (1408ms)
		BeginReloadAssembly (41ms)
			ExecutionOrderSort (0ms)
			DisableScriptedObjects (0ms)
			BackupInstance (0ms)
			ReleaseScriptingObjects (0ms)
			CreateAndSetChildDomain (1ms)
		EndReloadAssembly (362ms)
			LoadAssemblies (40ms)
			RebuildTransferFunctionScriptingTraits (0ms)
			SetupTypeCache (131ms)
			ReleaseScriptCaches (0ms)
			RebuildScriptCaches (25ms)
			SetupLoadedEditorAssemblies (147ms)
				LogAssemblyErrors (0ms)
				InitializePlatformSupportModulesInManaged (3ms)
				SetLoadedEditorAssemblies (0ms)
				RefreshPlugins (45ms)
				BeforeProcessingInitializeOnLoad (13ms)
				ProcessInitializeOnLoadAttributes (63ms)
				ProcessInitializeOnLoadMethodAttributes (22ms)
				AfterProcessingInitializeOnLoad (0ms)
				EditorAssembliesLoaded (0ms)
			ExecutionOrderSort2 (0ms)
			AwakeInstancesAfterBackupRestoration (0ms)
Platform modules already initialized, skipping
Registering precompiled user dll's ...
Registered in 0.001765 seconds.
Begin MonoManager ReloadAssembly
Native extension for WindowsStandalone target not found
Refreshing native plugins compatible for Editor in 45.62 ms, found 2 plugins.
Preloading 0 native plugins for Editor in 0.00 ms.
Mono: successfully reloaded assembly
- Completed reload, in  0.962 seconds
Domain Reload Profiling:
	ReloadAssembly (963ms)
		BeginReloadAssembly (118ms)
			ExecutionOrderSort (0ms)
			DisableScriptedObjects (4ms)
			BackupInstance (0ms)
			ReleaseScriptingObjects (0ms)
			CreateAndSetChildDomain (16ms)
		EndReloadAssembly (795ms)
			LoadAssemblies (77ms)
			RebuildTransferFunctionScriptingTraits (0ms)
			SetupTypeCache (279ms)
			ReleaseScriptCaches (1ms)
			RebuildScriptCaches (44ms)
			SetupLoadedEditorAssemblies (294ms)
				LogAssemblyErrors (0ms)
				InitializePlatformSupportModulesInManaged (4ms)
				SetLoadedEditorAssemblies (0ms)
				RefreshPlugins (46ms)
				BeforeProcessingInitializeOnLoad (73ms)
				ProcessInitializeOnLoadAttributes (162ms)
				ProcessInitializeOnLoadMethodAttributes (5ms)
				AfterProcessingInitializeOnLoad (5ms)
				EditorAssembliesLoaded (0ms)
			ExecutionOrderSort2 (0ms)
			AwakeInstancesAfterBackupRestoration (5ms)
Platform modules already initialized, skipping
========================================================================
Worker process is ready to serve import requests
Launched and connected shader compiler UnityShaderCompiler.exe after 0.14 seconds
Refreshing native plugins compatible for Editor in 0.44 ms, found 2 plugins.
Preloading 0 native plugins for Editor in 0.00 ms.
Unloading 3136 Unused Serialized files (Serialized files now loaded: 0)
System memory in use before: 143.3 MB.
System memory in use after: 143.5 MB.

Unloading 17 unused Assets to reduce memory usage. Loaded Objects now: 3575.
Total: 3.069000 ms (FindLiveObjects: 0.305100 ms CreateObjectMapping: 0.211400 ms MarkObjects: 2.488100 ms  DeleteObjects: 0.062900 ms)

AssetImportParameters requested are different than current active one (requested -> active):
  custom:framework-win-MediaFoundation: 216162199b28c13a410421893ffa2e32 -> 
  custom:video-decoder-ogg-theora: a1e56fd34408186e4bbccfd4996cb3dc -> 
  custom:container-muxer-webm: aa71ff27fc2769a1b78a27578f13a17b -> 
  custom:container-demuxer-webm: 4f35f7cbe854078d1ac9338744f61a02 -> 
  custom:container-demuxer-ogg: 62fdf1f143b41e24485cea50d1cbac27 -> 
  custom:video-encoder-webm-vp8: eb34c28f22e8b96e1ab97ce403110664 -> 
  custom:video-decoder-webm-vp8: 9c59270c3fd7afecdb556c50c9e8de78 -> 
  custom:audio-decoder-ogg-vorbis: bf7c407c2cedff20999df2af8eb42d56 -> 
  custom:audio-encoder-webm-vorbis: bf7c407c2cedff20999df2af8eb42d56 -> 
========================================================================
Received Import Request.
  path: Assets/Sources/Materials/Noelle/Cloth.mat
  artifactKey: Guid(8edd4dd519ec41440a286774a6de9c51) Importer(815301076,1909f56bfc062723c751e8b465ee728b)
Start importing Assets/Sources/Materials/Noelle/Cloth.mat using Guid(8edd4dd519ec41440a286774a6de9c51) Importer(815301076,1909f56bfc062723c751e8b465ee728b)  -> (artifact id: 'af7564e52069b301e28191b4678d6d40') in 0.224478 seconds 
  Import took 0.228516 seconds .

========================================================================
Received Import Request.
  Time since last request: 0.000135 seconds.
  path: Assets/Sources/Materials/Noelle/Hair.mat
  artifactKey: Guid(403dc6be61d842d46b13f52b6ac006ea) Importer(815301076,1909f56bfc062723c751e8b465ee728b)
Start importing Assets/Sources/Materials/Noelle/Hair.mat using Guid(403dc6be61d842d46b13f52b6ac006ea) Importer(815301076,1909f56bfc062723c751e8b465ee728b)  -> (artifact id: '37ae5caea7c2186ef66bb9af545286aa') in 0.038210 seconds 
  Import took 0.042016 seconds .

========================================================================
Received Import Request.
  Time since last request: 0.000176 seconds.
  path: Assets/Sources/Materials/Noelle/Skin.mat
  artifactKey: Guid(13f0e9ea7be1c094f80310c9fb256a5f) Importer(815301076,1909f56bfc062723c751e8b465ee728b)
Start importing Assets/Sources/Materials/Noelle/Skin.mat using Guid(13f0e9ea7be1c094f80310c9fb256a5f) Importer(815301076,1909f56bfc062723c751e8b465ee728b)  -> (artifact id: 'd6c29472f55a5136c292e5c25be90f39') in 0.032683 seconds 
  Import took 0.037339 seconds .

========================================================================
Received Prepare
Registering precompiled user dll's ...
Registered in 0.002560 seconds.
Begin MonoManager ReloadAssembly
Native extension for WindowsStandalone target not found
Refreshing native plugins compatible for Editor in 0.46 ms, found 2 plugins.
Preloading 0 native plugins for Editor in 0.00 ms.
Mono: successfully reloaded assembly
- Completed reload, in  1.036 seconds
Domain Reload Profiling:
	ReloadAssembly (1037ms)
		BeginReloadAssembly (109ms)
			ExecutionOrderSort (0ms)
			DisableScriptedObjects (5ms)
			BackupInstance (0ms)
			ReleaseScriptingObjects (0ms)
			CreateAndSetChildDomain (33ms)
		EndReloadAssembly (877ms)
			LoadAssemblies (74ms)
			RebuildTransferFunctionScriptingTraits (0ms)
			SetupTypeCache (364ms)
			ReleaseScriptCaches (2ms)
			RebuildScriptCaches (44ms)
			SetupLoadedEditorAssemblies (264ms)
				LogAssemblyErrors (0ms)
				InitializePlatformSupportModulesInManaged (3ms)
				SetLoadedEditorAssemblies (0ms)
				RefreshPlugins (1ms)
				BeforeProcessingInitializeOnLoad (70ms)
				ProcessInitializeOnLoadAttributes (180ms)
				ProcessInitializeOnLoadMethodAttributes (4ms)
				AfterProcessingInitializeOnLoad (5ms)
				EditorAssembliesLoaded (0ms)
			ExecutionOrderSort2 (0ms)
			AwakeInstancesAfterBackupRestoration (14ms)
Platform modules already initialized, skipping
Refreshing native plugins compatible for Editor in 0.46 ms, found 2 plugins.
Preloading 0 native plugins for Editor in 0.00 ms.
Unloading 3023 Unused Serialized files (Serialized files now loaded: 0)
System memory in use before: 141.2 MB.
System memory in use after: 141.5 MB.

Unloading 12 unused Assets to reduce memory usage. Loaded Objects now: 3655.
Total: 2.831200 ms (FindLiveObjects: 0.373100 ms CreateObjectMapping: 0.166000 ms MarkObjects: 2.277500 ms  DeleteObjects: 0.013500 ms)

AssetImportParameters requested are different than current active one (requested -> active):
  custom:framework-win-MediaFoundation: 216162199b28c13a410421893ffa2e32 -> 
  custom:video-decoder-ogg-theora: a1e56fd34408186e4bbccfd4996cb3dc -> 
  custom:container-muxer-webm: aa71ff27fc2769a1b78a27578f13a17b -> 
  custom:container-demuxer-webm: 4f35f7cbe854078d1ac9338744f61a02 -> 
  custom:container-demuxer-ogg: 62fdf1f143b41e24485cea50d1cbac27 -> 
  custom:video-encoder-webm-vp8: eb34c28f22e8b96e1ab97ce403110664 -> 
  custom:video-decoder-webm-vp8: 9c59270c3fd7afecdb556c50c9e8de78 -> 
  custom:audio-decoder-ogg-vorbis: bf7c407c2cedff20999df2af8eb42d56 -> 
  custom:audio-encoder-webm-vorbis: bf7c407c2cedff20999df2af8eb42d56 -> 
========================================================================
Received Import Request.
  Time since last request: 1060.925906 seconds.
  path: Assets/Sources/Materials/Noelle/Cloth.mat
  artifactKey: Guid(8edd4dd519ec41440a286774a6de9c51) Importer(815301076,1909f56bfc062723c751e8b465ee728b)
Start importing Assets/Sources/Materials/Noelle/Cloth.mat using Guid(8edd4dd519ec41440a286774a6de9c51) Importer(815301076,1909f56bfc062723c751e8b465ee728b)  -> (artifact id: 'c6eb8604a113d59e66376db78001d2d1') in 0.151332 seconds 
  Import took 0.156809 seconds .

========================================================================
Received Import Request.
  Time since last request: 0.000214 seconds.
  path: Assets/Sources/Materials/Noelle/Shoulder.mat
  artifactKey: Guid(208ec16aa532c7d4c9410beb33a82a3e) Importer(815301076,1909f56bfc062723c751e8b465ee728b)
Start importing Assets/Sources/Materials/Noelle/Shoulder.mat using Guid(208ec16aa532c7d4c9410beb33a82a3e) Importer(815301076,1909f56bfc062723c751e8b465ee728b)  -> (artifact id: '910fe315ba4fa77de744eec0758a2d43') in 0.015676 seconds 
  Import took 0.020375 seconds .

========================================================================
Received Import Request.
  Time since last request: 0.000160 seconds.
  path: Assets/Sources/Materials/Noelle/Hair.mat
  artifactKey: Guid(403dc6be61d842d46b13f52b6ac006ea) Importer(815301076,1909f56bfc062723c751e8b465ee728b)
Start importing Assets/Sources/Materials/Noelle/Hair.mat using Guid(403dc6be61d842d46b13f52b6ac006ea) Importer(815301076,1909f56bfc062723c751e8b465ee728b)  -> (artifact id: 'c542c9810e94a2417c4dc38f5c463804') in 0.015123 seconds 
  Import took 0.019485 seconds .

========================================================================
Received Import Request.
  Time since last request: 0.000138 seconds.
  path: Assets/Sources/Materials/Noelle/Skin.mat
  artifactKey: Guid(13f0e9ea7be1c094f80310c9fb256a5f) Importer(815301076,1909f56bfc062723c751e8b465ee728b)
Start importing Assets/Sources/Materials/Noelle/Skin.mat using Guid(13f0e9ea7be1c094f80310c9fb256a5f) Importer(815301076,1909f56bfc062723c751e8b465ee728b)  -> (artifact id: '58933033c90c6cf4541b9a61fa9660c2') in 0.019035 seconds 
  Import took 0.024175 seconds .

========================================================================
Received Import Request.
  Time since last request: 0.000188 seconds.
  path: Assets/Sources/Materials/Noelle/Furbelow.mat
  artifactKey: Guid(4ccf3760a68a3864d83dcc0c466c5faa) Importer(815301076,1909f56bfc062723c751e8b465ee728b)
Start importing Assets/Sources/Materials/Noelle/Furbelow.mat using Guid(4ccf3760a68a3864d83dcc0c466c5faa) Importer(815301076,1909f56bfc062723c751e8b465ee728b)  -> (artifact id: 'ddba1087f93a9ffc110e5084655e4109') in 0.015058 seconds 
  Import took 0.020855 seconds .

========================================================================
Received Import Request.
  Time since last request: 0.000177 seconds.
  path: Assets/Sources/Materials/Noelle/LowerBody.mat
  artifactKey: Guid(95ff5e3701768d3408a7a67b2875feca) Importer(815301076,1909f56bfc062723c751e8b465ee728b)
Start importing Assets/Sources/Materials/Noelle/LowerBody.mat using Guid(95ff5e3701768d3408a7a67b2875feca) Importer(815301076,1909f56bfc062723c751e8b465ee728b)  -> (artifact id: 'ae8871a30e0eaa543a9c8d0985135279') in 0.016406 seconds 
  Import took 0.021198 seconds .

========================================================================
Received Import Request.
  Time since last request: 0.000177 seconds.
  path: Assets/Sources/Materials/Noelle/Face.mat
  artifactKey: Guid(48894037a2557b548bf6b8c65c1ddca1) Importer(815301076,1909f56bfc062723c751e8b465ee728b)
Start importing Assets/Sources/Materials/Noelle/Face.mat using Guid(48894037a2557b548bf6b8c65c1ddca1) Importer(815301076,1909f56bfc062723c751e8b465ee728b)  -> (artifact id: '9fbd71edcdae540338122d295fbebc98') in 0.034923 seconds 
  Import took 0.040344 seconds .

========================================================================
Received Import Request.
  Time since last request: 0.000221 seconds.
  path: Assets/Sources/Materials/Noelle/Eye.mat
  artifactKey: Guid(232835f2b2d53354a8eda05b3868426c) Importer(815301076,1909f56bfc062723c751e8b465ee728b)
Start importing Assets/Sources/Materials/Noelle/Eye.mat using Guid(232835f2b2d53354a8eda05b3868426c) Importer(815301076,1909f56bfc062723c751e8b465ee728b)  -> (artifact id: '98bd8d9a26fc800bc675ae095781897b') in 0.017504 seconds 
  Import took 0.023164 seconds .

========================================================================
Received Import Request.
  Time since last request: 0.000177 seconds.
  path: Assets/Sources/Materials/Noelle/Skirt.mat
  artifactKey: Guid(4e5785fc2c58abe4c92d19ccfd6fcff4) Importer(815301076,1909f56bfc062723c751e8b465ee728b)
Start importing Assets/Sources/Materials/Noelle/Skirt.mat using Guid(4e5785fc2c58abe4c92d19ccfd6fcff4) Importer(815301076,1909f56bfc062723c751e8b465ee728b)  -> (artifact id: '166582f9d1491603ca0bb0c93747dfe2') in 0.016281 seconds 
  Import took 0.021068 seconds .

========================================================================
Received Prepare
Registering precompiled user dll's ...
Registered in 0.001735 seconds.
Begin MonoManager ReloadAssembly
Native extension for WindowsStandalone target not found
Refreshing native plugins compatible for Editor in 0.53 ms, found 2 plugins.
Preloading 0 native plugins for Editor in 0.00 ms.
Mono: successfully reloaded assembly
- Completed reload, in  0.935 seconds
Domain Reload Profiling:
	ReloadAssembly (936ms)
		BeginReloadAssembly (109ms)
			ExecutionOrderSort (0ms)
			DisableScriptedObjects (7ms)
			BackupInstance (0ms)
			ReleaseScriptingObjects (0ms)
			CreateAndSetChildDomain (36ms)
		EndReloadAssembly (777ms)
			LoadAssemblies (78ms)
			RebuildTransferFunctionScriptingTraits (0ms)
			SetupTypeCache (280ms)
			ReleaseScriptCaches (1ms)
			RebuildScriptCaches (41ms)
			SetupLoadedEditorAssemblies (256ms)
				LogAssemblyErrors (0ms)
				InitializePlatformSupportModulesInManaged (4ms)
				SetLoadedEditorAssemblies (0ms)
				RefreshPlugins (1ms)
				BeforeProcessingInitializeOnLoad (75ms)
				ProcessInitializeOnLoadAttributes (168ms)
				ProcessInitializeOnLoadMethodAttributes (4ms)
				AfterProcessingInitializeOnLoad (5ms)
				EditorAssembliesLoaded (0ms)
			ExecutionOrderSort2 (0ms)
			AwakeInstancesAfterBackupRestoration (14ms)
Platform modules already initialized, skipping
Refreshing native plugins compatible for Editor in 0.48 ms, found 2 plugins.
Preloading 0 native plugins for Editor in 0.00 ms.
Unloading 3023 Unused Serialized files (Serialized files now loaded: 0)
System memory in use before: 141.5 MB.
System memory in use after: 141.7 MB.

Unloading 12 unused Assets to reduce memory usage. Loaded Objects now: 3693.
Total: 2.953200 ms (FindLiveObjects: 0.279900 ms CreateObjectMapping: 0.136200 ms MarkObjects: 2.519900 ms  DeleteObjects: 0.016500 ms)

AssetImportParameters requested are different than current active one (requested -> active):
  custom:framework-win-MediaFoundation: 216162199b28c13a410421893ffa2e32 -> 
  custom:video-decoder-ogg-theora: a1e56fd34408186e4bbccfd4996cb3dc -> 
  custom:container-muxer-webm: aa71ff27fc2769a1b78a27578f13a17b -> 
  custom:container-demuxer-webm: 4f35f7cbe854078d1ac9338744f61a02 -> 
  custom:container-demuxer-ogg: 62fdf1f143b41e24485cea50d1cbac27 -> 
  custom:video-encoder-webm-vp8: eb34c28f22e8b96e1ab97ce403110664 -> 
  custom:video-decoder-webm-vp8: 9c59270c3fd7afecdb556c50c9e8de78 -> 
  custom:audio-decoder-ogg-vorbis: bf7c407c2cedff20999df2af8eb42d56 -> 
  custom:audio-encoder-webm-vorbis: bf7c407c2cedff20999df2af8eb42d56 -> 
========================================================================
Received Import Request.
  Time since last request: 864.241149 seconds.
  path: Assets/Settings/SampleSceneProfile.asset
  artifactKey: Guid(10fc4df2da32a41aaa32d77bc913491c) Importer(815301076,1909f56bfc062723c751e8b465ee728b)
Start importing Assets/Settings/SampleSceneProfile.asset using Guid(10fc4df2da32a41aaa32d77bc913491c) Importer(815301076,1909f56bfc062723c751e8b465ee728b)  -> (artifact id: 'ef631f4052cd2b9f0a095309f31a7616') in 0.036695 seconds 
  Import took 0.042363 seconds .

========================================================================
Received Import Request.
  Time since last request: 153.911176 seconds.
  path: Assets/Settings/UniversalRP-HighQuality.asset
  artifactKey: Guid(19ba41d7c0026c3459d37c2fe90c55a0) Importer(815301076,1909f56bfc062723c751e8b465ee728b)
Start importing Assets/Settings/UniversalRP-HighQuality.asset using Guid(19ba41d7c0026c3459d37c2fe90c55a0) Importer(815301076,1909f56bfc062723c751e8b465ee728b)  -> (artifact id: '78ab1207c5c688999cd38aee4c5925a2') in 0.005376 seconds 
  Import took 0.010386 seconds .

========================================================================
Received Import Request.
  Time since last request: 101.586816 seconds.
  path: Assets/Settings/SampleSceneProfile.asset
  artifactKey: Guid(10fc4df2da32a41aaa32d77bc913491c) Importer(815301076,1909f56bfc062723c751e8b465ee728b)
Start importing Assets/Settings/SampleSceneProfile.asset using Guid(10fc4df2da32a41aaa32d77bc913491c) Importer(815301076,1909f56bfc062723c751e8b465ee728b)  -> (artifact id: '0f1edbcbd57f7b3d7effce9c9afd2a41') in 0.002629 seconds 
  Import took 0.007457 seconds .

AssetImportWorkerClient::OnTransportError - code=2 error=End of file
